2017-11-20-main-ERROR-root      :Invalid name: rushi
2017-11-20-main-ERROR-root      :Invalid name: rushi
2017-11-20-main-INFO -root      :DB connection successfull
2017-11-20-main-INFO -root      :DB connection successfull
2017-11-20-main-ERROR-root      :ORA-00923: FROM keyword not found where expected

2017-11-20-main-ERROR-root      :Invalid Mobile Id 1
2017-11-20-main-ERROR-root      :Invalid Mobile Id 1
2017-11-20-main-ERROR-root      :Invalid Mobile Id 1
2017-11-20-main-INFO -root      :DB connection successfull
2017-11-20-main-ERROR-root      :ORA-00923: FROM keyword not found where expected

2017-11-20-main-ERROR-root      :Invalid Mail Id: Rdf@df.com
2017-11-20-main-INFO -root      :DB connection successfull
2017-11-20-main-INFO -root      :DB connection successfull
2017-11-20-main-INFO -root      :DB connection successfull
2017-11-20-main-INFO -root      :DB connection successfull
2017-11-20-main-INFO -root      :DB connection successfull
2017-11-20-main-INFO -root      :DB connection successfull
2017-11-20-main-ERROR-root      :Invalid Mail Id: Rushi
2017-11-20-main-INFO -root      :DB connection successfull
2017-11-20-main-INFO -root      :DB connection successfull
2017-11-20-main-INFO -root      :DB connection successfull
2017-11-20-main-INFO -root      :DB connection successfull
2017-11-20-main-ERROR-root      :Invalid name: rushi
2017-11-20-main-INFO -root      :DB connection successfull
2017-11-20-main-INFO -root      :DB connection successfull
2017-11-20-main-INFO -root      :DB connection successfull
2017-11-20-main-INFO -root      :DB connection successfull
2017-11-20-main-INFO -root      :DB connection successfull
2017-11-20-main-INFO -root      :DB connection successfull
2017-11-20-main-INFO -root      :DB connection successfull
2017-11-20-main-INFO -root      :DB connection successfull
2017-11-20-main-INFO -root      :DB connection successfull
2017-11-20-main-INFO -root      :DB connection successfull
2017-11-20-main-INFO -root      :DB connection successfull
2017-11-20-main-INFO -root      :DB connection successfull
